<?xml version="1.0" encoding="UTF-8"?>
<testng-results skipped="0" failed="1" total="3" passed="2">
  <reporter-output>
  </reporter-output>
  <suite name="SmokeTestSuite" duration-ms="33294" started-at="2019-07-22T05:20:19Z" finished-at="2019-07-22T05:20:52Z">
    <groups>
    </groups>
    <test name="ChromeBrowserTest" duration-ms="33294" started-at="2019-07-22T05:20:19Z" finished-at="2019-07-22T05:20:52Z">
      <class name="com.gmail.testScripts.Test_LoginPage">
        <test-method status="PASS" signature="setUp(java.lang.String)[pri:0, instance:com.gmail.testScripts.Test_LoginPage@5c3bd550]" name="setUp" is-config="true" duration-ms="6107" started-at="2019-07-22T10:50:19Z" finished-at="2019-07-22T10:50:25Z">
          <params>
            <param index="0">
              <value>
                <![CDATA[chrome]]>
              </value>
            </param>
          </params>
          <reporter-output>
          </reporter-output>
        </test-method> <!-- setUp -->
        <test-method status="PASS" signature="initializePageObjects()[pri:0, instance:com.gmail.testScripts.Test_LoginPage@5c3bd550]" name="initializePageObjects" is-config="true" duration-ms="8" started-at="2019-07-22T10:50:25Z" finished-at="2019-07-22T10:50:25Z">
          <reporter-output>
          </reporter-output>
        </test-method> <!-- initializePageObjects -->
        <test-method status="PASS" signature="userEntersCorrectCredentials()[pri:0, instance:com.gmail.testScripts.Test_LoginPage@5c3bd550]" name="userEntersCorrectCredentials" duration-ms="4331" started-at="2019-07-22T10:50:25Z" finished-at="2019-07-22T10:50:30Z">
          <reporter-output>
          </reporter-output>
        </test-method> <!-- userEntersCorrectCredentials -->
        <test-method status="PASS" signature="tearDown()[pri:0, instance:com.gmail.testScripts.Test_LoginPage@5c3bd550]" name="tearDown" is-config="true" duration-ms="2340" started-at="2019-07-22T10:50:30Z" finished-at="2019-07-22T10:50:32Z">
          <reporter-output>
          </reporter-output>
        </test-method> <!-- tearDown -->
        <test-method status="PASS" signature="setUp(java.lang.String)[pri:0, instance:com.gmail.testScripts.Test_LoginPage@5c3bd550]" name="setUp" is-config="true" duration-ms="4379" started-at="2019-07-22T10:50:32Z" finished-at="2019-07-22T10:50:36Z">
          <params>
            <param index="0">
              <value>
                <![CDATA[chrome]]>
              </value>
            </param>
          </params>
          <reporter-output>
          </reporter-output>
        </test-method> <!-- setUp -->
        <test-method status="PASS" signature="initializePageObjects()[pri:0, instance:com.gmail.testScripts.Test_LoginPage@5c3bd550]" name="initializePageObjects" is-config="true" duration-ms="2" started-at="2019-07-22T10:50:36Z" finished-at="2019-07-22T10:50:36Z">
          <reporter-output>
          </reporter-output>
        </test-method> <!-- initializePageObjects -->
        <test-method status="FAIL" signature="userEntersInvalidUserName()[pri:0, instance:com.gmail.testScripts.Test_LoginPage@5c3bd550]" name="userEntersInvalidUserName" duration-ms="2758" started-at="2019-07-22T10:50:36Z" finished-at="2019-07-22T10:50:39Z">
          <exception class="org.openqa.selenium.InvalidSelectorException">
            <message>
              <![CDATA[invalid selector: Unable to locate an element with the xpath expression //div[text()='Couldn\'t find your Google Account'] because of the following error:
SyntaxError: Failed to execute 'evaluate' on 'Document': The string '//div[text()='Couldn\'t find your Google Account']' is not a valid XPath expression.
  (Session info: chrome=75.0.3770.142)
For documentation on this error, please visit: https://www.seleniumhq.org/exceptions/invalid_selector_exception.html
Build info: version: '3.141.59', revision: 'e82be7d358', time: '2018-11-14T08:17:03'
System info: host: 'ASDP1510_PO0197', ip: '10.0.9.143', os.name: 'Windows 10', os.arch: 'amd64', os.version: '10.0', java.version: '1.8.0_111'
Driver info: org.openqa.selenium.chrome.ChromeDriver
Capabilities {acceptInsecureCerts: false, browserName: chrome, browserVersion: 75.0.3770.142, chrome: {chromedriverVersion: 75.0.3770.90 (a6dcaf7e3ec6f..., userDataDir: C:\Users\MUKULV~1\AppData\L...}, goog:chromeOptions: {debuggerAddress: localhost:56338}, javascriptEnabled: true, networkConnectionEnabled: false, pageLoadStrategy: normal, platform: XP, platformName: XP, proxy: Proxy(), setWindowRect: true, strictFileInteractability: false, timeouts: {implicit: 0, pageLoad: 300000, script: 30000}, unhandledPromptBehavior: dismiss and notify}
Session ID: 24a97fb3adda246e5b34f96e192bc9e6
*** Element info: {Using=xpath, value=//div[text()='Couldn\'t find your Google Account']}]]>
            </message>
            <full-stacktrace>
              <![CDATA[org.openqa.selenium.InvalidSelectorException: invalid selector: Unable to locate an element with the xpath expression //div[text()='Couldn\'t find your Google Account'] because of the following error:
SyntaxError: Failed to execute 'evaluate' on 'Document': The string '//div[text()='Couldn\'t find your Google Account']' is not a valid XPath expression.
  (Session info: chrome=75.0.3770.142)
For documentation on this error, please visit: https://www.seleniumhq.org/exceptions/invalid_selector_exception.html
Build info: version: '3.141.59', revision: 'e82be7d358', time: '2018-11-14T08:17:03'
System info: host: 'ASDP1510_PO0197', ip: '10.0.9.143', os.name: 'Windows 10', os.arch: 'amd64', os.version: '10.0', java.version: '1.8.0_111'
Driver info: org.openqa.selenium.chrome.ChromeDriver
Capabilities {acceptInsecureCerts: false, browserName: chrome, browserVersion: 75.0.3770.142, chrome: {chromedriverVersion: 75.0.3770.90 (a6dcaf7e3ec6f..., userDataDir: C:\Users\MUKULV~1\AppData\L...}, goog:chromeOptions: {debuggerAddress: localhost:56338}, javascriptEnabled: true, networkConnectionEnabled: false, pageLoadStrategy: normal, platform: XP, platformName: XP, proxy: Proxy(), setWindowRect: true, strictFileInteractability: false, timeouts: {implicit: 0, pageLoad: 300000, script: 30000}, unhandledPromptBehavior: dismiss and notify}
Session ID: 24a97fb3adda246e5b34f96e192bc9e6
*** Element info: {Using=xpath, value=//div[text()='Couldn\'t find your Google Account']}
	at sun.reflect.NativeConstructorAccessorImpl.newInstance0(Native Method)
	at sun.reflect.NativeConstructorAccessorImpl.newInstance(Unknown Source)
	at sun.reflect.DelegatingConstructorAccessorImpl.newInstance(Unknown Source)
	at java.lang.reflect.Constructor.newInstance(Unknown Source)
	at org.openqa.selenium.remote.http.W3CHttpResponseCodec.createException(W3CHttpResponseCodec.java:187)
	at org.openqa.selenium.remote.http.W3CHttpResponseCodec.decode(W3CHttpResponseCodec.java:122)
	at org.openqa.selenium.remote.http.W3CHttpResponseCodec.decode(W3CHttpResponseCodec.java:49)
	at org.openqa.selenium.remote.HttpCommandExecutor.execute(HttpCommandExecutor.java:158)
	at org.openqa.selenium.remote.service.DriverCommandExecutor.execute(DriverCommandExecutor.java:83)
	at org.openqa.selenium.remote.RemoteWebDriver.execute(RemoteWebDriver.java:552)
	at org.openqa.selenium.remote.RemoteWebDriver.findElement(RemoteWebDriver.java:323)
	at org.openqa.selenium.remote.RemoteWebDriver.findElementByXPath(RemoteWebDriver.java:428)
	at org.openqa.selenium.By$ByXPath.findElement(By.java:353)
	at org.openqa.selenium.remote.RemoteWebDriver.findElement(RemoteWebDriver.java:315)
	at com.gmail.generic.ElementFinder.findElement(ElementFinder.java:12)
	at com.gmail.webElements.loginPage.LoginPageElements.setTextInvalidEmailMessage(LoginPageElements.java:63)
	at com.gmail.webElements.loginPage.LoginPageElements.getTextInvalidEmailMessage(LoginPageElements.java:91)
	at com.gmail.pageClasses.LoginPage.getEmailErrorMessage(LoginPage.java:34)
	at com.gmail.testScripts.Test_LoginPage.userEntersInvalidUserName(Test_LoginPage.java:30)
	at sun.reflect.NativeMethodAccessorImpl.invoke0(Native Method)
	at sun.reflect.NativeMethodAccessorImpl.invoke(Unknown Source)
	at sun.reflect.DelegatingMethodAccessorImpl.invoke(Unknown Source)
	at java.lang.reflect.Method.invoke(Unknown Source)
	at org.testng.internal.MethodInvocationHelper.invokeMethod(MethodInvocationHelper.java:85)
	at org.testng.internal.Invoker.invokeMethod(Invoker.java:639)
	at org.testng.internal.Invoker.invokeTestMethod(Invoker.java:816)
	at org.testng.internal.Invoker.invokeTestMethods(Invoker.java:1124)
	at org.testng.internal.TestMethodWorker.invokeTestMethods(TestMethodWorker.java:125)
	at org.testng.internal.TestMethodWorker.run(TestMethodWorker.java:108)
	at org.testng.TestRunner.privateRun(TestRunner.java:774)
	at org.testng.TestRunner.run(TestRunner.java:624)
	at org.testng.SuiteRunner.runTest(SuiteRunner.java:359)
	at org.testng.SuiteRunner.access$000(SuiteRunner.java:39)
	at org.testng.SuiteRunner$SuiteWorker.run(SuiteRunner.java:393)
	at org.testng.internal.thread.ThreadUtil$2.call(ThreadUtil.java:64)
	at java.util.concurrent.FutureTask.run(Unknown Source)
	at java.util.concurrent.ThreadPoolExecutor.runWorker(Unknown Source)
	at java.util.concurrent.ThreadPoolExecutor$Worker.run(Unknown Source)
	at java.lang.Thread.run(Unknown Source)
]]>
            </full-stacktrace>
          </exception> <!-- org.openqa.selenium.InvalidSelectorException -->
          <reporter-output>
          </reporter-output>
        </test-method> <!-- userEntersInvalidUserName -->
        <test-method status="PASS" signature="tearDown()[pri:0, instance:com.gmail.testScripts.Test_LoginPage@5c3bd550]" name="tearDown" is-config="true" duration-ms="2184" started-at="2019-07-22T10:50:39Z" finished-at="2019-07-22T10:50:41Z">
          <reporter-output>
          </reporter-output>
        </test-method> <!-- tearDown -->
        <test-method status="PASS" signature="setUp(java.lang.String)[pri:0, instance:com.gmail.testScripts.Test_LoginPage@5c3bd550]" name="setUp" is-config="true" duration-ms="4401" started-at="2019-07-22T10:50:41Z" finished-at="2019-07-22T10:50:46Z">
          <params>
            <param index="0">
              <value>
                <![CDATA[chrome]]>
              </value>
            </param>
          </params>
          <reporter-output>
          </reporter-output>
        </test-method> <!-- setUp -->
        <test-method status="PASS" signature="initializePageObjects()[pri:0, instance:com.gmail.testScripts.Test_LoginPage@5c3bd550]" name="initializePageObjects" is-config="true" duration-ms="2" started-at="2019-07-22T10:50:46Z" finished-at="2019-07-22T10:50:46Z">
          <reporter-output>
          </reporter-output>
        </test-method> <!-- initializePageObjects -->
        <test-method status="PASS" signature="userEntersValidUserNameButInvalidPassword()[pri:0, instance:com.gmail.testScripts.Test_LoginPage@5c3bd550]" name="userEntersValidUserNameButInvalidPassword" duration-ms="4447" started-at="2019-07-22T10:50:46Z" finished-at="2019-07-22T10:50:50Z">
          <reporter-output>
          </reporter-output>
        </test-method> <!-- userEntersValidUserNameButInvalidPassword -->
        <test-method status="PASS" signature="tearDown()[pri:0, instance:com.gmail.testScripts.Test_LoginPage@5c3bd550]" name="tearDown" is-config="true" duration-ms="2328" started-at="2019-07-22T10:50:50Z" finished-at="2019-07-22T10:50:52Z">
          <reporter-output>
          </reporter-output>
        </test-method> <!-- tearDown -->
      </class> <!-- com.gmail.testScripts.Test_LoginPage -->
    </test> <!-- ChromeBrowserTest -->
  </suite> <!-- SmokeTestSuite -->
</testng-results>
